  Bullet.cpp
  Enemy.cpp
  GameObject.cpp
  Graphics.cpp
E:\Tower Defense\HAPI_Start\HAPI_Start\Graphics.cpp(16,41): warning C4244: '=': conversion from '_Ty2' to 'int', possible loss of data
          with
          [
              _Ty2=float
          ]
E:\Tower Defense\HAPI_Start\HAPI_Start\Graphics.cpp(32,46): warning C4244: '=': conversion from 'float' to 'HAPISPACE::BYTE', possible loss of data
E:\Tower Defense\HAPI_Start\HAPI_Start\Graphics.cpp(33,54): warning C4244: '=': conversion from 'float' to 'HAPISPACE::BYTE', possible loss of data
E:\Tower Defense\HAPI_Start\HAPI_Start\Graphics.cpp(34,54): warning C4244: '=': conversion from 'float' to 'HAPISPACE::BYTE', possible loss of data
E:\Tower Defense\HAPI_Start\HAPI_Start\Graphics.cpp(35,54): warning C4244: '=': conversion from 'float' to 'HAPISPACE::BYTE', possible loss of data
E:\Tower Defense\HAPI_Start\HAPI_Start\Graphics.cpp(54,43): warning C4244: '=': conversion from '_Ty2' to 'int', possible loss of data
          with
          [
              _Ty2=float
          ]
E:\Tower Defense\HAPI_Start\HAPI_Start\Graphics.cpp(55,14): warning C4244: '=': conversion from '_Ty1' to 'int', possible loss of data
          with
          [
              _Ty1=float
          ]
E:\Tower Defense\HAPI_Start\HAPI_Start\Graphics.cpp(56,14): warning C4244: '=': conversion from '_Ty2' to 'int', possible loss of data
          with
          [
              _Ty2=float
          ]
E:\Tower Defense\HAPI_Start\HAPI_Start\Graphics.cpp(77,48): warning C4244: '=': conversion from 'float' to 'HAPISPACE::BYTE', possible loss of data
E:\Tower Defense\HAPI_Start\HAPI_Start\Graphics.cpp(78,56): warning C4244: '=': conversion from 'float' to 'HAPISPACE::BYTE', possible loss of data
E:\Tower Defense\HAPI_Start\HAPI_Start\Graphics.cpp(79,56): warning C4244: '=': conversion from 'float' to 'HAPISPACE::BYTE', possible loss of data
E:\Tower Defense\HAPI_Start\HAPI_Start\Graphics.cpp(80,56): warning C4244: '=': conversion from 'float' to 'HAPISPACE::BYTE', possible loss of data
E:\Tower Defense\HAPI_Start\HAPI_Start\Graphics.cpp(85,55): warning C4244: '+=': conversion from '_Ty1' to 'int', possible loss of data
          with
          [
              _Ty1=float
          ]
E:\Tower Defense\HAPI_Start\HAPI_Start\Graphics.cpp(91,43): warning C4244: '=': conversion from '_Ty2' to 'int', possible loss of data
          with
          [
              _Ty2=float
          ]
E:\Tower Defense\HAPI_Start\HAPI_Start\Graphics.cpp(92,14): warning C4244: '=': conversion from '_Ty1' to 'int', possible loss of data
          with
          [
              _Ty1=float
          ]
E:\Tower Defense\HAPI_Start\HAPI_Start\Graphics.cpp(113,48): warning C4244: '=': conversion from 'float' to 'HAPISPACE::BYTE', possible loss of data
E:\Tower Defense\HAPI_Start\HAPI_Start\Graphics.cpp(114,56): warning C4244: '=': conversion from 'float' to 'HAPISPACE::BYTE', possible loss of data
E:\Tower Defense\HAPI_Start\HAPI_Start\Graphics.cpp(115,56): warning C4244: '=': conversion from 'float' to 'HAPISPACE::BYTE', possible loss of data
E:\Tower Defense\HAPI_Start\HAPI_Start\Graphics.cpp(116,56): warning C4244: '=': conversion from 'float' to 'HAPISPACE::BYTE', possible loss of data
E:\Tower Defense\HAPI_Start\HAPI_Start\Graphics.cpp(121,55): warning C4244: '+=': conversion from '_Ty1' to 'int', possible loss of data
          with
          [
              _Ty1=float
          ]
E:\Tower Defense\HAPI_Start\HAPI_Start\Graphics.cpp(127,26): warning C4244: '=': conversion from '_Ty1' to 'int', possible loss of data
          with
          [
              _Ty1=float
          ]
E:\Tower Defense\HAPI_Start\HAPI_Start\Graphics.cpp(128,14): warning C4244: '=': conversion from '_Ty1' to 'int', possible loss of data
          with
          [
              _Ty1=float
          ]
E:\Tower Defense\HAPI_Start\HAPI_Start\Graphics.cpp(129,14): warning C4244: '=': conversion from '_Ty2' to 'int', possible loss of data
          with
          [
              _Ty2=float
          ]
E:\Tower Defense\HAPI_Start\HAPI_Start\Graphics.cpp(151,48): warning C4244: '=': conversion from 'float' to 'HAPISPACE::BYTE', possible loss of data
E:\Tower Defense\HAPI_Start\HAPI_Start\Graphics.cpp(152,56): warning C4244: '=': conversion from 'float' to 'HAPISPACE::BYTE', possible loss of data
E:\Tower Defense\HAPI_Start\HAPI_Start\Graphics.cpp(153,56): warning C4244: '=': conversion from 'float' to 'HAPISPACE::BYTE', possible loss of data
E:\Tower Defense\HAPI_Start\HAPI_Start\Graphics.cpp(154,56): warning C4244: '=': conversion from 'float' to 'HAPISPACE::BYTE', possible loss of data
E:\Tower Defense\HAPI_Start\HAPI_Start\Graphics.cpp(159,55): warning C4244: '+=': conversion from '_Ty1' to 'int', possible loss of data
          with
          [
              _Ty1=float
          ]
E:\Tower Defense\HAPI_Start\HAPI_Start\Graphics.cpp(169,14): warning C4244: '=': conversion from '_Ty1' to 'int', possible loss of data
          with
          [
              _Ty1=float
          ]
E:\Tower Defense\HAPI_Start\HAPI_Start\Graphics.cpp(170,14): warning C4244: '=': conversion from '_Ty2' to 'int', possible loss of data
          with
          [
              _Ty2=float
          ]
E:\Tower Defense\HAPI_Start\HAPI_Start\Graphics.cpp(192,48): warning C4244: '=': conversion from 'float' to 'HAPISPACE::BYTE', possible loss of data
E:\Tower Defense\HAPI_Start\HAPI_Start\Graphics.cpp(193,56): warning C4244: '=': conversion from 'float' to 'HAPISPACE::BYTE', possible loss of data
E:\Tower Defense\HAPI_Start\HAPI_Start\Graphics.cpp(194,56): warning C4244: '=': conversion from 'float' to 'HAPISPACE::BYTE', possible loss of data
E:\Tower Defense\HAPI_Start\HAPI_Start\Graphics.cpp(195,56): warning C4244: '=': conversion from 'float' to 'HAPISPACE::BYTE', possible loss of data
E:\Tower Defense\HAPI_Start\HAPI_Start\Graphics.cpp(206,38): warning C4244: '=': conversion from '_Ty2' to 'int', possible loss of data
          with
          [
              _Ty2=float
          ]
E:\Tower Defense\HAPI_Start\HAPI_Start\Graphics.cpp(207,14): warning C4244: '=': conversion from '_Ty1' to 'int', possible loss of data
          with
          [
              _Ty1=float
          ]
E:\Tower Defense\HAPI_Start\HAPI_Start\Graphics.cpp(229,48): warning C4244: '=': conversion from 'float' to 'HAPISPACE::BYTE', possible loss of data
E:\Tower Defense\HAPI_Start\HAPI_Start\Graphics.cpp(230,56): warning C4244: '=': conversion from 'float' to 'HAPISPACE::BYTE', possible loss of data
E:\Tower Defense\HAPI_Start\HAPI_Start\Graphics.cpp(231,56): warning C4244: '=': conversion from 'float' to 'HAPISPACE::BYTE', possible loss of data
E:\Tower Defense\HAPI_Start\HAPI_Start\Graphics.cpp(232,56): warning C4244: '=': conversion from 'float' to 'HAPISPACE::BYTE', possible loss of data
E:\Tower Defense\HAPI_Start\HAPI_Start\Graphics.cpp(243,37): warning C4244: '=': conversion from '_Ty2' to 'int', possible loss of data
          with
          [
              _Ty2=float
          ]
E:\Tower Defense\HAPI_Start\HAPI_Start\Graphics.cpp(244,14): warning C4244: '=': conversion from '_Ty1' to 'int', possible loss of data
          with
          [
              _Ty1=float
          ]
E:\Tower Defense\HAPI_Start\HAPI_Start\Graphics.cpp(245,14): warning C4244: '=': conversion from '_Ty2' to 'int', possible loss of data
          with
          [
              _Ty2=float
          ]
E:\Tower Defense\HAPI_Start\HAPI_Start\Graphics.cpp(267,48): warning C4244: '=': conversion from 'float' to 'HAPISPACE::BYTE', possible loss of data
E:\Tower Defense\HAPI_Start\HAPI_Start\Graphics.cpp(268,56): warning C4244: '=': conversion from 'float' to 'HAPISPACE::BYTE', possible loss of data
E:\Tower Defense\HAPI_Start\HAPI_Start\Graphics.cpp(269,56): warning C4244: '=': conversion from 'float' to 'HAPISPACE::BYTE', possible loss of data
E:\Tower Defense\HAPI_Start\HAPI_Start\Graphics.cpp(270,56): warning C4244: '=': conversion from 'float' to 'HAPISPACE::BYTE', possible loss of data
E:\Tower Defense\HAPI_Start\HAPI_Start\Graphics.cpp(282,25): warning C4244: '=': conversion from '_Ty1' to 'int', possible loss of data
          with
          [
              _Ty1=float
          ]
E:\Tower Defense\HAPI_Start\HAPI_Start\Graphics.cpp(283,13): warning C4244: '=': conversion from '_Ty2' to 'int', possible loss of data
          with
          [
              _Ty2=float
          ]
E:\Tower Defense\HAPI_Start\HAPI_Start\Graphics.cpp(305,47): warning C4244: '=': conversion from 'float' to 'HAPISPACE::BYTE', possible loss of data
E:\Tower Defense\HAPI_Start\HAPI_Start\Graphics.cpp(306,55): warning C4244: '=': conversion from 'float' to 'HAPISPACE::BYTE', possible loss of data
E:\Tower Defense\HAPI_Start\HAPI_Start\Graphics.cpp(307,55): warning C4244: '=': conversion from 'float' to 'HAPISPACE::BYTE', possible loss of data
E:\Tower Defense\HAPI_Start\HAPI_Start\Graphics.cpp(308,55): warning C4244: '=': conversion from 'float' to 'HAPISPACE::BYTE', possible loss of data
E:\Tower Defense\HAPI_Start\HAPI_Start\Graphics.cpp(318,42): warning C4244: '=': conversion from '_Ty2' to 'int', possible loss of data
          with
          [
              _Ty2=float
          ]
E:\Tower Defense\HAPI_Start\HAPI_Start\Graphics.cpp(319,13): warning C4244: '=': conversion from '_Ty2' to 'int', possible loss of data
          with
          [
              _Ty2=float
          ]
E:\Tower Defense\HAPI_Start\HAPI_Start\Graphics.cpp(340,47): warning C4244: '=': conversion from 'float' to 'HAPISPACE::BYTE', possible loss of data
E:\Tower Defense\HAPI_Start\HAPI_Start\Graphics.cpp(341,55): warning C4244: '=': conversion from 'float' to 'HAPISPACE::BYTE', possible loss of data
E:\Tower Defense\HAPI_Start\HAPI_Start\Graphics.cpp(342,55): warning C4244: '=': conversion from 'float' to 'HAPISPACE::BYTE', possible loss of data
E:\Tower Defense\HAPI_Start\HAPI_Start\Graphics.cpp(343,55): warning C4244: '=': conversion from 'float' to 'HAPISPACE::BYTE', possible loss of data
  main.cpp
  Map.cpp
  Play.cpp
  Tower.cpp
  World.cpp
E:\Tower Defense\HAPI_Start\HAPI_Start\World.cpp(197,27): warning C4244: 'argument': conversion from 'int' to 'float', possible loss of data
E:\Tower Defense\HAPI_Start\HAPI_Start\World.cpp(197,19): warning C4244: 'argument': conversion from 'int' to 'float', possible loss of data
C:\Program Files (x86)\Microsoft Visual Studio\2019\Community\VC\Tools\MSVC\14.27.29110\include\utility(192,16): warning C4244: 'initializing': conversion from 'int' to '_Ty1', possible loss of data
          with
          [
              _Ty1=float
          ]
E:\Tower Defense\HAPI_Start\HAPI_Start\World.cpp(96): message : see reference to function template instantiation 'std::pair<float,float>::pair<int&,int&,0>(_Other1,_Other2) noexcept' being compiled
          with
          [
              _Other1=int &,
              _Other2=int &
          ]
E:\Tower Defense\HAPI_Start\HAPI_Start\World.cpp(96): message : see reference to function template instantiation 'std::pair<float,float>::pair<int&,int&,0>(_Other1,_Other2) noexcept' being compiled
          with
          [
              _Other1=int &,
              _Other2=int &
          ]
C:\Program Files (x86)\Microsoft Visual Studio\2019\Community\VC\Tools\MSVC\14.27.29110\include\utility(192,1): warning C4244: 'initializing': conversion from 'int' to '_Ty2', possible loss of data
          with
          [
              _Ty2=float
          ]
  Generating Code...
HAPI_Debug64.lib(Error.obj) : warning LNK4099: PDB 'HAPI_Debug64.pdb' was not found with 'HAPI_Debug64.lib(Error.obj)' or at 'E:\Tower Defense\HAPI_Start\x64\Debug\HAPI_Debug64.pdb'; linking object as if no debug info
HAPI_Debug64.lib(HapiCore.obj) : warning LNK4099: PDB 'HAPI_Debug64.pdb' was not found with 'HAPI_Debug64.lib(HapiCore.obj)' or at 'E:\Tower Defense\HAPI_Start\x64\Debug\HAPI_Debug64.pdb'; linking object as if no debug info
HAPI_Debug64.lib(HapiMain.obj) : warning LNK4099: PDB 'HAPI_Debug64.pdb' was not found with 'HAPI_Debug64.lib(HapiMain.obj)' or at 'E:\Tower Defense\HAPI_Start\x64\Debug\HAPI_Debug64.pdb'; linking object as if no debug info
HAPI_Debug64.lib(HapiOsSFML.obj) : warning LNK4099: PDB 'HAPI_Debug64.pdb' was not found with 'HAPI_Debug64.lib(HapiOsSFML.obj)' or at 'E:\Tower Defense\HAPI_Start\x64\Debug\HAPI_Debug64.pdb'; linking object as if no debug info
HAPI_Debug64.lib(HapiRendererSFML.obj) : warning LNK4099: PDB 'HAPI_Debug64.pdb' was not found with 'HAPI_Debug64.lib(HapiRendererSFML.obj)' or at 'E:\Tower Defense\HAPI_Start\x64\Debug\HAPI_Debug64.pdb'; linking object as if no debug info
HAPI_Debug64.lib(HapiSoundSFML.obj) : warning LNK4099: PDB 'HAPI_Debug64.pdb' was not found with 'HAPI_Debug64.lib(HapiSoundSFML.obj)' or at 'E:\Tower Defense\HAPI_Start\x64\Debug\HAPI_Debug64.pdb'; linking object as if no debug info
HAPI_Debug64.lib(HapiXInput.obj) : warning LNK4099: PDB 'HAPI_Debug64.pdb' was not found with 'HAPI_Debug64.lib(HapiXInput.obj)' or at 'E:\Tower Defense\HAPI_Start\x64\Debug\HAPI_Debug64.pdb'; linking object as if no debug info
HAPI_Debug64.lib(PerfCounters.obj) : warning LNK4099: PDB 'HAPI_Debug64.pdb' was not found with 'HAPI_Debug64.lib(PerfCounters.obj)' or at 'E:\Tower Defense\HAPI_Start\x64\Debug\HAPI_Debug64.pdb'; linking object as if no debug info
HAPI_Debug64.lib(SFMLFontManager.obj) : warning LNK4099: PDB 'HAPI_Debug64.pdb' was not found with 'HAPI_Debug64.lib(SFMLFontManager.obj)' or at 'E:\Tower Defense\HAPI_Start\x64\Debug\HAPI_Debug64.pdb'; linking object as if no debug info
HAPI_Debug64.lib(bitreader.obj) : warning LNK4099: PDB 'HAPI_Debug64.pdb' was not found with 'HAPI_Debug64.lib(bitreader.obj)' or at 'E:\Tower Defense\HAPI_Start\x64\Debug\HAPI_Debug64.pdb'; linking object as if no debug info
HAPI_Debug64.lib(bitwriter.obj) : warning LNK4099: PDB 'HAPI_Debug64.pdb' was not found with 'HAPI_Debug64.lib(bitwriter.obj)' or at 'E:\Tower Defense\HAPI_Start\x64\Debug\HAPI_Debug64.pdb'; linking object as if no debug info
HAPI_Debug64.lib(cpu.obj) : warning LNK4099: PDB 'HAPI_Debug64.pdb' was not found with 'HAPI_Debug64.lib(cpu.obj)' or at 'E:\Tower Defense\HAPI_Start\x64\Debug\HAPI_Debug64.pdb'; linking object as if no debug info
HAPI_Debug64.lib(crc.obj) : warning LNK4099: PDB 'HAPI_Debug64.pdb' was not found with 'HAPI_Debug64.lib(crc.obj)' or at 'E:\Tower Defense\HAPI_Start\x64\Debug\HAPI_Debug64.pdb'; linking object as if no debug info
HAPI_Debug64.lib(fixed.obj) : warning LNK4099: PDB 'HAPI_Debug64.pdb' was not found with 'HAPI_Debug64.lib(fixed.obj)' or at 'E:\Tower Defense\HAPI_Start\x64\Debug\HAPI_Debug64.pdb'; linking object as if no debug info
HAPI_Debug64.lib(fixed_intrin_sse2.obj) : warning LNK4099: PDB 'HAPI_Debug64.pdb' was not found with 'HAPI_Debug64.lib(fixed_intrin_sse2.obj)' or at 'E:\Tower Defense\HAPI_Start\x64\Debug\HAPI_Debug64.pdb'; linking object as if no debug info
HAPI_Debug64.lib(fixed_intrin_ssse3.obj) : warning LNK4099: PDB 'HAPI_Debug64.pdb' was not found with 'HAPI_Debug64.lib(fixed_intrin_ssse3.obj)' or at 'E:\Tower Defense\HAPI_Start\x64\Debug\HAPI_Debug64.pdb'; linking object as if no debug info
HAPI_Debug64.lib(format.obj) : warning LNK4099: PDB 'HAPI_Debug64.pdb' was not found with 'HAPI_Debug64.lib(format.obj)' or at 'E:\Tower Defense\HAPI_Start\x64\Debug\HAPI_Debug64.pdb'; linking object as if no debug info
HAPI_Debug64.lib(lpcKD.obj) : warning LNK4099: PDB 'HAPI_Debug64.pdb' was not found with 'HAPI_Debug64.lib(lpcKD.obj)' or at 'E:\Tower Defense\HAPI_Start\x64\Debug\HAPI_Debug64.pdb'; linking object as if no debug info
HAPI_Debug64.lib(lpc_intrin_avx2.obj) : warning LNK4099: PDB 'HAPI_Debug64.pdb' was not found with 'HAPI_Debug64.lib(lpc_intrin_avx2.obj)' or at 'E:\Tower Defense\HAPI_Start\x64\Debug\HAPI_Debug64.pdb'; linking object as if no debug info
HAPI_Debug64.lib(lpc_intrin_sse.obj) : warning LNK4099: PDB 'HAPI_Debug64.pdb' was not found with 'HAPI_Debug64.lib(lpc_intrin_sse.obj)' or at 'E:\Tower Defense\HAPI_Start\x64\Debug\HAPI_Debug64.pdb'; linking object as if no debug info
HAPI_Debug64.lib(lpc_intrin_sse2.obj) : warning LNK4099: PDB 'HAPI_Debug64.pdb' was not found with 'HAPI_Debug64.lib(lpc_intrin_sse2.obj)' or at 'E:\Tower Defense\HAPI_Start\x64\Debug\HAPI_Debug64.pdb'; linking object as if no debug info
HAPI_Debug64.lib(lpc_intrin_sse41.obj) : warning LNK4099: PDB 'HAPI_Debug64.pdb' was not found with 'HAPI_Debug64.lib(lpc_intrin_sse41.obj)' or at 'E:\Tower Defense\HAPI_Start\x64\Debug\HAPI_Debug64.pdb'; linking object as if no debug info
HAPI_Debug64.lib(md5.obj) : warning LNK4099: PDB 'HAPI_Debug64.pdb' was not found with 'HAPI_Debug64.lib(md5.obj)' or at 'E:\Tower Defense\HAPI_Start\x64\Debug\HAPI_Debug64.pdb'; linking object as if no debug info
HAPI_Debug64.lib(memory.obj) : warning LNK4099: PDB 'HAPI_Debug64.pdb' was not found with 'HAPI_Debug64.lib(memory.obj)' or at 'E:\Tower Defense\HAPI_Start\x64\Debug\HAPI_Debug64.pdb'; linking object as if no debug info
HAPI_Debug64.lib(ogg_decoder_aspect.obj) : warning LNK4099: PDB 'HAPI_Debug64.pdb' was not found with 'HAPI_Debug64.lib(ogg_decoder_aspect.obj)' or at 'E:\Tower Defense\HAPI_Start\x64\Debug\HAPI_Debug64.pdb'; linking object as if no debug info
HAPI_Debug64.lib(ogg_encoder_aspect.obj) : warning LNK4099: PDB 'HAPI_Debug64.pdb' was not found with 'HAPI_Debug64.lib(ogg_encoder_aspect.obj)' or at 'E:\Tower Defense\HAPI_Start\x64\Debug\HAPI_Debug64.pdb'; linking object as if no debug info
HAPI_Debug64.lib(ogg_helper.obj) : warning LNK4099: PDB 'HAPI_Debug64.pdb' was not found with 'HAPI_Debug64.lib(ogg_helper.obj)' or at 'E:\Tower Defense\HAPI_Start\x64\Debug\HAPI_Debug64.pdb'; linking object as if no debug info
HAPI_Debug64.lib(ogg_mapping.obj) : warning LNK4099: PDB 'HAPI_Debug64.pdb' was not found with 'HAPI_Debug64.lib(ogg_mapping.obj)' or at 'E:\Tower Defense\HAPI_Start\x64\Debug\HAPI_Debug64.pdb'; linking object as if no debug info
HAPI_Debug64.lib(stream_decoderKD.obj) : warning LNK4099: PDB 'HAPI_Debug64.pdb' was not found with 'HAPI_Debug64.lib(stream_decoderKD.obj)' or at 'E:\Tower Defense\HAPI_Start\x64\Debug\HAPI_Debug64.pdb'; linking object as if no debug info
HAPI_Debug64.lib(stream_encoderKD.obj) : warning LNK4099: PDB 'HAPI_Debug64.pdb' was not found with 'HAPI_Debug64.lib(stream_encoderKD.obj)' or at 'E:\Tower Defense\HAPI_Start\x64\Debug\HAPI_Debug64.pdb'; linking object as if no debug info
HAPI_Debug64.lib(stream_encoder_framing.obj) : warning LNK4099: PDB 'HAPI_Debug64.pdb' was not found with 'HAPI_Debug64.lib(stream_encoder_framing.obj)' or at 'E:\Tower Defense\HAPI_Start\x64\Debug\HAPI_Debug64.pdb'; linking object as if no debug info
HAPI_Debug64.lib(stream_encoder_intrin_avx2.obj) : warning LNK4099: PDB 'HAPI_Debug64.pdb' was not found with 'HAPI_Debug64.lib(stream_encoder_intrin_avx2.obj)' or at 'E:\Tower Defense\HAPI_Start\x64\Debug\HAPI_Debug64.pdb'; linking object as if no debug info
HAPI_Debug64.lib(stream_encoder_intrin_sse2.obj) : warning LNK4099: PDB 'HAPI_Debug64.pdb' was not found with 'HAPI_Debug64.lib(stream_encoder_intrin_sse2.obj)' or at 'E:\Tower Defense\HAPI_Start\x64\Debug\HAPI_Debug64.pdb'; linking object as if no debug info
HAPI_Debug64.lib(stream_encoder_intrin_ssse3.obj) : warning LNK4099: PDB 'HAPI_Debug64.pdb' was not found with 'HAPI_Debug64.lib(stream_encoder_intrin_ssse3.obj)' or at 'E:\Tower Defense\HAPI_Start\x64\Debug\HAPI_Debug64.pdb'; linking object as if no debug info
HAPI_Debug64.lib(windowKD.obj) : warning LNK4099: PDB 'HAPI_Debug64.pdb' was not found with 'HAPI_Debug64.lib(windowKD.obj)' or at 'E:\Tower Defense\HAPI_Start\x64\Debug\HAPI_Debug64.pdb'; linking object as if no debug info
HAPI_Debug64.lib(windows_unicode_filenames.obj) : warning LNK4099: PDB 'HAPI_Debug64.pdb' was not found with 'HAPI_Debug64.lib(windows_unicode_filenames.obj)' or at 'E:\Tower Defense\HAPI_Start\x64\Debug\HAPI_Debug64.pdb'; linking object as if no debug info
HAPI_Debug64.lib(bitwise.obj) : warning LNK4099: PDB 'HAPI_Debug64.pdb' was not found with 'HAPI_Debug64.lib(bitwise.obj)' or at 'E:\Tower Defense\HAPI_Start\x64\Debug\HAPI_Debug64.pdb'; linking object as if no debug info
HAPI_Debug64.lib(framing.obj) : warning LNK4099: PDB 'HAPI_Debug64.pdb' was not found with 'HAPI_Debug64.lib(framing.obj)' or at 'E:\Tower Defense\HAPI_Start\x64\Debug\HAPI_Debug64.pdb'; linking object as if no debug info
HAPI_Debug64.lib(analysis.obj) : warning LNK4099: PDB 'HAPI_Debug64.pdb' was not found with 'HAPI_Debug64.lib(analysis.obj)' or at 'E:\Tower Defense\HAPI_Start\x64\Debug\HAPI_Debug64.pdb'; linking object as if no debug info
HAPI_Debug64.lib(bitrate.obj) : warning LNK4099: PDB 'HAPI_Debug64.pdb' was not found with 'HAPI_Debug64.lib(bitrate.obj)' or at 'E:\Tower Defense\HAPI_Start\x64\Debug\HAPI_Debug64.pdb'; linking object as if no debug info
HAPI_Debug64.lib(block.obj) : warning LNK4099: PDB 'HAPI_Debug64.pdb' was not found with 'HAPI_Debug64.lib(block.obj)' or at 'E:\Tower Defense\HAPI_Start\x64\Debug\HAPI_Debug64.pdb'; linking object as if no debug info
HAPI_Debug64.lib(codebook.obj) : warning LNK4099: PDB 'HAPI_Debug64.pdb' was not found with 'HAPI_Debug64.lib(codebook.obj)' or at 'E:\Tower Defense\HAPI_Start\x64\Debug\HAPI_Debug64.pdb'; linking object as if no debug info
HAPI_Debug64.lib(envelope.obj) : warning LNK4099: PDB 'HAPI_Debug64.pdb' was not found with 'HAPI_Debug64.lib(envelope.obj)' or at 'E:\Tower Defense\HAPI_Start\x64\Debug\HAPI_Debug64.pdb'; linking object as if no debug info
HAPI_Debug64.lib(floor0.obj) : warning LNK4099: PDB 'HAPI_Debug64.pdb' was not found with 'HAPI_Debug64.lib(floor0.obj)' or at 'E:\Tower Defense\HAPI_Start\x64\Debug\HAPI_Debug64.pdb'; linking object as if no debug info
HAPI_Debug64.lib(floor1.obj) : warning LNK4099: PDB 'HAPI_Debug64.pdb' was not found with 'HAPI_Debug64.lib(floor1.obj)' or at 'E:\Tower Defense\HAPI_Start\x64\Debug\HAPI_Debug64.pdb'; linking object as if no debug info
HAPI_Debug64.lib(info.obj) : warning LNK4099: PDB 'HAPI_Debug64.pdb' was not found with 'HAPI_Debug64.lib(info.obj)' or at 'E:\Tower Defense\HAPI_Start\x64\Debug\HAPI_Debug64.pdb'; linking object as if no debug info
HAPI_Debug64.lib(lpc.obj) : warning LNK4099: PDB 'HAPI_Debug64.pdb' was not found with 'HAPI_Debug64.lib(lpc.obj)' or at 'E:\Tower Defense\HAPI_Start\x64\Debug\HAPI_Debug64.pdb'; linking object as if no debug info
HAPI_Debug64.lib(lsp.obj) : warning LNK4099: PDB 'HAPI_Debug64.pdb' was not found with 'HAPI_Debug64.lib(lsp.obj)' or at 'E:\Tower Defense\HAPI_Start\x64\Debug\HAPI_Debug64.pdb'; linking object as if no debug info
HAPI_Debug64.lib(mapping0.obj) : warning LNK4099: PDB 'HAPI_Debug64.pdb' was not found with 'HAPI_Debug64.lib(mapping0.obj)' or at 'E:\Tower Defense\HAPI_Start\x64\Debug\HAPI_Debug64.pdb'; linking object as if no debug info
HAPI_Debug64.lib(mdct.obj) : warning LNK4099: PDB 'HAPI_Debug64.pdb' was not found with 'HAPI_Debug64.lib(mdct.obj)' or at 'E:\Tower Defense\HAPI_Start\x64\Debug\HAPI_Debug64.pdb'; linking object as if no debug info
HAPI_Debug64.lib(psy.obj) : warning LNK4099: PDB 'HAPI_Debug64.pdb' was not found with 'HAPI_Debug64.lib(psy.obj)' or at 'E:\Tower Defense\HAPI_Start\x64\Debug\HAPI_Debug64.pdb'; linking object as if no debug info
HAPI_Debug64.lib(registry.obj) : warning LNK4099: PDB 'HAPI_Debug64.pdb' was not found with 'HAPI_Debug64.lib(registry.obj)' or at 'E:\Tower Defense\HAPI_Start\x64\Debug\HAPI_Debug64.pdb'; linking object as if no debug info
HAPI_Debug64.lib(res0.obj) : warning LNK4099: PDB 'HAPI_Debug64.pdb' was not found with 'HAPI_Debug64.lib(res0.obj)' or at 'E:\Tower Defense\HAPI_Start\x64\Debug\HAPI_Debug64.pdb'; linking object as if no debug info
HAPI_Debug64.lib(sharedbook.obj) : warning LNK4099: PDB 'HAPI_Debug64.pdb' was not found with 'HAPI_Debug64.lib(sharedbook.obj)' or at 'E:\Tower Defense\HAPI_Start\x64\Debug\HAPI_Debug64.pdb'; linking object as if no debug info
HAPI_Debug64.lib(smallft.obj) : warning LNK4099: PDB 'HAPI_Debug64.pdb' was not found with 'HAPI_Debug64.lib(smallft.obj)' or at 'E:\Tower Defense\HAPI_Start\x64\Debug\HAPI_Debug64.pdb'; linking object as if no debug info
HAPI_Debug64.lib(synthesis.obj) : warning LNK4099: PDB 'HAPI_Debug64.pdb' was not found with 'HAPI_Debug64.lib(synthesis.obj)' or at 'E:\Tower Defense\HAPI_Start\x64\Debug\HAPI_Debug64.pdb'; linking object as if no debug info
HAPI_Debug64.lib(vorbisenc.obj) : warning LNK4099: PDB 'HAPI_Debug64.pdb' was not found with 'HAPI_Debug64.lib(vorbisenc.obj)' or at 'E:\Tower Defense\HAPI_Start\x64\Debug\HAPI_Debug64.pdb'; linking object as if no debug info
HAPI_Debug64.lib(vorbisfile.obj) : warning LNK4099: PDB 'HAPI_Debug64.pdb' was not found with 'HAPI_Debug64.lib(vorbisfile.obj)' or at 'E:\Tower Defense\HAPI_Start\x64\Debug\HAPI_Debug64.pdb'; linking object as if no debug info
HAPI_Debug64.lib(windowKD2.obj) : warning LNK4099: PDB 'HAPI_Debug64.pdb' was not found with 'HAPI_Debug64.lib(windowKD2.obj)' or at 'E:\Tower Defense\HAPI_Start\x64\Debug\HAPI_Debug64.pdb'; linking object as if no debug info
HAPI_Debug64.lib(ALCheck.obj) : warning LNK4099: PDB 'HAPI_Debug64.pdb' was not found with 'HAPI_Debug64.lib(ALCheck.obj)' or at 'E:\Tower Defense\HAPI_Start\x64\Debug\HAPI_Debug64.pdb'; linking object as if no debug info
HAPI_Debug64.lib(AlResource.obj) : warning LNK4099: PDB 'HAPI_Debug64.pdb' was not found with 'HAPI_Debug64.lib(AlResource.obj)' or at 'E:\Tower Defense\HAPI_Start\x64\Debug\HAPI_Debug64.pdb'; linking object as if no debug info
HAPI_Debug64.lib(AudioDevice.obj) : warning LNK4099: PDB 'HAPI_Debug64.pdb' was not found with 'HAPI_Debug64.lib(AudioDevice.obj)' or at 'E:\Tower Defense\HAPI_Start\x64\Debug\HAPI_Debug64.pdb'; linking object as if no debug info
HAPI_Debug64.lib(InputSoundFile.obj) : warning LNK4099: PDB 'HAPI_Debug64.pdb' was not found with 'HAPI_Debug64.lib(InputSoundFile.obj)' or at 'E:\Tower Defense\HAPI_Start\x64\Debug\HAPI_Debug64.pdb'; linking object as if no debug info
HAPI_Debug64.lib(Music.obj) : warning LNK4099: PDB 'HAPI_Debug64.pdb' was not found with 'HAPI_Debug64.lib(Music.obj)' or at 'E:\Tower Defense\HAPI_Start\x64\Debug\HAPI_Debug64.pdb'; linking object as if no debug info
HAPI_Debug64.lib(OutputSoundFile.obj) : warning LNK4099: PDB 'HAPI_Debug64.pdb' was not found with 'HAPI_Debug64.lib(OutputSoundFile.obj)' or at 'E:\Tower Defense\HAPI_Start\x64\Debug\HAPI_Debug64.pdb'; linking object as if no debug info
HAPI_Debug64.lib(Sound.obj) : warning LNK4099: PDB 'HAPI_Debug64.pdb' was not found with 'HAPI_Debug64.lib(Sound.obj)' or at 'E:\Tower Defense\HAPI_Start\x64\Debug\HAPI_Debug64.pdb'; linking object as if no debug info
HAPI_Debug64.lib(SoundBuffer.obj) : warning LNK4099: PDB 'HAPI_Debug64.pdb' was not found with 'HAPI_Debug64.lib(SoundBuffer.obj)' or at 'E:\Tower Defense\HAPI_Start\x64\Debug\HAPI_Debug64.pdb'; linking object as if no debug info
HAPI_Debug64.lib(SoundFileFactory.obj) : warning LNK4099: PDB 'HAPI_Debug64.pdb' was not found with 'HAPI_Debug64.lib(SoundFileFactory.obj)' or at 'E:\Tower Defense\HAPI_Start\x64\Debug\HAPI_Debug64.pdb'; linking object as if no debug info
HAPI_Debug64.lib(SoundFileReaderFlac.obj) : warning LNK4099: PDB 'HAPI_Debug64.pdb' was not found with 'HAPI_Debug64.lib(SoundFileReaderFlac.obj)' or at 'E:\Tower Defense\HAPI_Start\x64\Debug\HAPI_Debug64.pdb'; linking object as if no debug info
HAPI_Debug64.lib(SoundFileReaderOgg.obj) : warning LNK4099: PDB 'HAPI_Debug64.pdb' was not found with 'HAPI_Debug64.lib(SoundFileReaderOgg.obj)' or at 'E:\Tower Defense\HAPI_Start\x64\Debug\HAPI_Debug64.pdb'; linking object as if no debug info
HAPI_Debug64.lib(SoundFileReaderWav.obj) : warning LNK4099: PDB 'HAPI_Debug64.pdb' was not found with 'HAPI_Debug64.lib(SoundFileReaderWav.obj)' or at 'E:\Tower Defense\HAPI_Start\x64\Debug\HAPI_Debug64.pdb'; linking object as if no debug info
HAPI_Debug64.lib(SoundFileWriterFlac.obj) : warning LNK4099: PDB 'HAPI_Debug64.pdb' was not found with 'HAPI_Debug64.lib(SoundFileWriterFlac.obj)' or at 'E:\Tower Defense\HAPI_Start\x64\Debug\HAPI_Debug64.pdb'; linking object as if no debug info
HAPI_Debug64.lib(SoundFileWriterOgg.obj) : warning LNK4099: PDB 'HAPI_Debug64.pdb' was not found with 'HAPI_Debug64.lib(SoundFileWriterOgg.obj)' or at 'E:\Tower Defense\HAPI_Start\x64\Debug\HAPI_Debug64.pdb'; linking object as if no debug info
HAPI_Debug64.lib(SoundFileWriterWav.obj) : warning LNK4099: PDB 'HAPI_Debug64.pdb' was not found with 'HAPI_Debug64.lib(SoundFileWriterWav.obj)' or at 'E:\Tower Defense\HAPI_Start\x64\Debug\HAPI_Debug64.pdb'; linking object as if no debug info
HAPI_Debug64.lib(SoundSource.obj) : warning LNK4099: PDB 'HAPI_Debug64.pdb' was not found with 'HAPI_Debug64.lib(SoundSource.obj)' or at 'E:\Tower Defense\HAPI_Start\x64\Debug\HAPI_Debug64.pdb'; linking object as if no debug info
HAPI_Debug64.lib(SoundStream.obj) : warning LNK4099: PDB 'HAPI_Debug64.pdb' was not found with 'HAPI_Debug64.lib(SoundStream.obj)' or at 'E:\Tower Defense\HAPI_Start\x64\Debug\HAPI_Debug64.pdb'; linking object as if no debug info
HAPI_Debug64.lib(BlendMode.obj) : warning LNK4099: PDB 'HAPI_Debug64.pdb' was not found with 'HAPI_Debug64.lib(BlendMode.obj)' or at 'E:\Tower Defense\HAPI_Start\x64\Debug\HAPI_Debug64.pdb'; linking object as if no debug info
HAPI_Debug64.lib(Color.obj) : warning LNK4099: PDB 'HAPI_Debug64.pdb' was not found with 'HAPI_Debug64.lib(Color.obj)' or at 'E:\Tower Defense\HAPI_Start\x64\Debug\HAPI_Debug64.pdb'; linking object as if no debug info
HAPI_Debug64.lib(Font.obj) : warning LNK4099: PDB 'HAPI_Debug64.pdb' was not found with 'HAPI_Debug64.lib(Font.obj)' or at 'E:\Tower Defense\HAPI_Start\x64\Debug\HAPI_Debug64.pdb'; linking object as if no debug info
HAPI_Debug64.lib(GLCheck.obj) : warning LNK4099: PDB 'HAPI_Debug64.pdb' was not found with 'HAPI_Debug64.lib(GLCheck.obj)' or at 'E:\Tower Defense\HAPI_Start\x64\Debug\HAPI_Debug64.pdb'; linking object as if no debug info
HAPI_Debug64.lib(GLExtensions.obj) : warning LNK4099: PDB 'HAPI_Debug64.pdb' was not found with 'HAPI_Debug64.lib(GLExtensions.obj)' or at 'E:\Tower Defense\HAPI_Start\x64\Debug\HAPI_Debug64.pdb'; linking object as if no debug info
HAPI_Debug64.lib(GLLoader.obj) : warning LNK4099: PDB 'HAPI_Debug64.pdb' was not found with 'HAPI_Debug64.lib(GLLoader.obj)' or at 'E:\Tower Defense\HAPI_Start\x64\Debug\HAPI_Debug64.pdb'; linking object as if no debug info
HAPI_Debug64.lib(Glsl.obj) : warning LNK4099: PDB 'HAPI_Debug64.pdb' was not found with 'HAPI_Debug64.lib(Glsl.obj)' or at 'E:\Tower Defense\HAPI_Start\x64\Debug\HAPI_Debug64.pdb'; linking object as if no debug info
HAPI_Debug64.lib(Image.obj) : warning LNK4099: PDB 'HAPI_Debug64.pdb' was not found with 'HAPI_Debug64.lib(Image.obj)' or at 'E:\Tower Defense\HAPI_Start\x64\Debug\HAPI_Debug64.pdb'; linking object as if no debug info
HAPI_Debug64.lib(ImageLoader.obj) : warning LNK4099: PDB 'HAPI_Debug64.pdb' was not found with 'HAPI_Debug64.lib(ImageLoader.obj)' or at 'E:\Tower Defense\HAPI_Start\x64\Debug\HAPI_Debug64.pdb'; linking object as if no debug info
HAPI_Debug64.lib(RenderStates.obj) : warning LNK4099: PDB 'HAPI_Debug64.pdb' was not found with 'HAPI_Debug64.lib(RenderStates.obj)' or at 'E:\Tower Defense\HAPI_Start\x64\Debug\HAPI_Debug64.pdb'; linking object as if no debug info
HAPI_Debug64.lib(RenderTarget.obj) : warning LNK4099: PDB 'HAPI_Debug64.pdb' was not found with 'HAPI_Debug64.lib(RenderTarget.obj)' or at 'E:\Tower Defense\HAPI_Start\x64\Debug\HAPI_Debug64.pdb'; linking object as if no debug info
HAPI_Debug64.lib(RenderTextureImpl.obj) : warning LNK4099: PDB 'HAPI_Debug64.pdb' was not found with 'HAPI_Debug64.lib(RenderTextureImpl.obj)' or at 'E:\Tower Defense\HAPI_Start\x64\Debug\HAPI_Debug64.pdb'; linking object as if no debug info
HAPI_Debug64.lib(RenderTextureImplFBO.obj) : warning LNK4099: PDB 'HAPI_Debug64.pdb' was not found with 'HAPI_Debug64.lib(RenderTextureImplFBO.obj)' or at 'E:\Tower Defense\HAPI_Start\x64\Debug\HAPI_Debug64.pdb'; linking object as if no debug info
HAPI_Debug64.lib(RenderWindow.obj) : warning LNK4099: PDB 'HAPI_Debug64.pdb' was not found with 'HAPI_Debug64.lib(RenderWindow.obj)' or at 'E:\Tower Defense\HAPI_Start\x64\Debug\HAPI_Debug64.pdb'; linking object as if no debug info
HAPI_Debug64.lib(Shader.obj) : warning LNK4099: PDB 'HAPI_Debug64.pdb' was not found with 'HAPI_Debug64.lib(Shader.obj)' or at 'E:\Tower Defense\HAPI_Start\x64\Debug\HAPI_Debug64.pdb'; linking object as if no debug info
HAPI_Debug64.lib(Sprite.obj) : warning LNK4099: PDB 'HAPI_Debug64.pdb' was not found with 'HAPI_Debug64.lib(Sprite.obj)' or at 'E:\Tower Defense\HAPI_Start\x64\Debug\HAPI_Debug64.pdb'; linking object as if no debug info
HAPI_Debug64.lib(Text.obj) : warning LNK4099: PDB 'HAPI_Debug64.pdb' was not found with 'HAPI_Debug64.lib(Text.obj)' or at 'E:\Tower Defense\HAPI_Start\x64\Debug\HAPI_Debug64.pdb'; linking object as if no debug info
HAPI_Debug64.lib(Texture.obj) : warning LNK4099: PDB 'HAPI_Debug64.pdb' was not found with 'HAPI_Debug64.lib(Texture.obj)' or at 'E:\Tower Defense\HAPI_Start\x64\Debug\HAPI_Debug64.pdb'; linking object as if no debug info
HAPI_Debug64.lib(TextureSaver.obj) : warning LNK4099: PDB 'HAPI_Debug64.pdb' was not found with 'HAPI_Debug64.lib(TextureSaver.obj)' or at 'E:\Tower Defense\HAPI_Start\x64\Debug\HAPI_Debug64.pdb'; linking object as if no debug info
HAPI_Debug64.lib(Transform.obj) : warning LNK4099: PDB 'HAPI_Debug64.pdb' was not found with 'HAPI_Debug64.lib(Transform.obj)' or at 'E:\Tower Defense\HAPI_Start\x64\Debug\HAPI_Debug64.pdb'; linking object as if no debug info
HAPI_Debug64.lib(Transformable.obj) : warning LNK4099: PDB 'HAPI_Debug64.pdb' was not found with 'HAPI_Debug64.lib(Transformable.obj)' or at 'E:\Tower Defense\HAPI_Start\x64\Debug\HAPI_Debug64.pdb'; linking object as if no debug info
HAPI_Debug64.lib(Vertex.obj) : warning LNK4099: PDB 'HAPI_Debug64.pdb' was not found with 'HAPI_Debug64.lib(Vertex.obj)' or at 'E:\Tower Defense\HAPI_Start\x64\Debug\HAPI_Debug64.pdb'; linking object as if no debug info
HAPI_Debug64.lib(VertexArray.obj) : warning LNK4099: PDB 'HAPI_Debug64.pdb' was not found with 'HAPI_Debug64.lib(VertexArray.obj)' or at 'E:\Tower Defense\HAPI_Start\x64\Debug\HAPI_Debug64.pdb'; linking object as if no debug info
HAPI_Debug64.lib(VertexBuffer.obj) : warning LNK4099: PDB 'HAPI_Debug64.pdb' was not found with 'HAPI_Debug64.lib(VertexBuffer.obj)' or at 'E:\Tower Defense\HAPI_Start\x64\Debug\HAPI_Debug64.pdb'; linking object as if no debug info
HAPI_Debug64.lib(View.obj) : warning LNK4099: PDB 'HAPI_Debug64.pdb' was not found with 'HAPI_Debug64.lib(View.obj)' or at 'E:\Tower Defense\HAPI_Start\x64\Debug\HAPI_Debug64.pdb'; linking object as if no debug info
HAPI_Debug64.lib(MainWin32.obj) : warning LNK4099: PDB 'HAPI_Debug64.pdb' was not found with 'HAPI_Debug64.lib(MainWin32.obj)' or at 'E:\Tower Defense\HAPI_Start\x64\Debug\HAPI_Debug64.pdb'; linking object as if no debug info
HAPI_Debug64.lib(Clock.obj) : warning LNK4099: PDB 'HAPI_Debug64.pdb' was not found with 'HAPI_Debug64.lib(Clock.obj)' or at 'E:\Tower Defense\HAPI_Start\x64\Debug\HAPI_Debug64.pdb'; linking object as if no debug info
HAPI_Debug64.lib(Err.obj) : warning LNK4099: PDB 'HAPI_Debug64.pdb' was not found with 'HAPI_Debug64.lib(Err.obj)' or at 'E:\Tower Defense\HAPI_Start\x64\Debug\HAPI_Debug64.pdb'; linking object as if no debug info
HAPI_Debug64.lib(FileInputStream.obj) : warning LNK4099: PDB 'HAPI_Debug64.pdb' was not found with 'HAPI_Debug64.lib(FileInputStream.obj)' or at 'E:\Tower Defense\HAPI_Start\x64\Debug\HAPI_Debug64.pdb'; linking object as if no debug info
HAPI_Debug64.lib(Lock.obj) : warning LNK4099: PDB 'HAPI_Debug64.pdb' was not found with 'HAPI_Debug64.lib(Lock.obj)' or at 'E:\Tower Defense\HAPI_Start\x64\Debug\HAPI_Debug64.pdb'; linking object as if no debug info
HAPI_Debug64.lib(MemoryInputStream.obj) : warning LNK4099: PDB 'HAPI_Debug64.pdb' was not found with 'HAPI_Debug64.lib(MemoryInputStream.obj)' or at 'E:\Tower Defense\HAPI_Start\x64\Debug\HAPI_Debug64.pdb'; linking object as if no debug info
HAPI_Debug64.lib(Mutex.obj) : warning LNK4099: PDB 'HAPI_Debug64.pdb' was not found with 'HAPI_Debug64.lib(Mutex.obj)' or at 'E:\Tower Defense\HAPI_Start\x64\Debug\HAPI_Debug64.pdb'; linking object as if no debug info
HAPI_Debug64.lib(Sleep.obj) : warning LNK4099: PDB 'HAPI_Debug64.pdb' was not found with 'HAPI_Debug64.lib(Sleep.obj)' or at 'E:\Tower Defense\HAPI_Start\x64\Debug\HAPI_Debug64.pdb'; linking object as if no debug info
HAPI_Debug64.lib(String.obj) : warning LNK4099: PDB 'HAPI_Debug64.pdb' was not found with 'HAPI_Debug64.lib(String.obj)' or at 'E:\Tower Defense\HAPI_Start\x64\Debug\HAPI_Debug64.pdb'; linking object as if no debug info
HAPI_Debug64.lib(Thread.obj) : warning LNK4099: PDB 'HAPI_Debug64.pdb' was not found with 'HAPI_Debug64.lib(Thread.obj)' or at 'E:\Tower Defense\HAPI_Start\x64\Debug\HAPI_Debug64.pdb'; linking object as if no debug info
HAPI_Debug64.lib(ThreadLocal.obj) : warning LNK4099: PDB 'HAPI_Debug64.pdb' was not found with 'HAPI_Debug64.lib(ThreadLocal.obj)' or at 'E:\Tower Defense\HAPI_Start\x64\Debug\HAPI_Debug64.pdb'; linking object as if no debug info
HAPI_Debug64.lib(Time.obj) : warning LNK4099: PDB 'HAPI_Debug64.pdb' was not found with 'HAPI_Debug64.lib(Time.obj)' or at 'E:\Tower Defense\HAPI_Start\x64\Debug\HAPI_Debug64.pdb'; linking object as if no debug info
HAPI_Debug64.lib(ClockImpl.obj) : warning LNK4099: PDB 'HAPI_Debug64.pdb' was not found with 'HAPI_Debug64.lib(ClockImpl.obj)' or at 'E:\Tower Defense\HAPI_Start\x64\Debug\HAPI_Debug64.pdb'; linking object as if no debug info
HAPI_Debug64.lib(MutexImpl.obj) : warning LNK4099: PDB 'HAPI_Debug64.pdb' was not found with 'HAPI_Debug64.lib(MutexImpl.obj)' or at 'E:\Tower Defense\HAPI_Start\x64\Debug\HAPI_Debug64.pdb'; linking object as if no debug info
HAPI_Debug64.lib(SleepImpl.obj) : warning LNK4099: PDB 'HAPI_Debug64.pdb' was not found with 'HAPI_Debug64.lib(SleepImpl.obj)' or at 'E:\Tower Defense\HAPI_Start\x64\Debug\HAPI_Debug64.pdb'; linking object as if no debug info
HAPI_Debug64.lib(ThreadImpl.obj) : warning LNK4099: PDB 'HAPI_Debug64.pdb' was not found with 'HAPI_Debug64.lib(ThreadImpl.obj)' or at 'E:\Tower Defense\HAPI_Start\x64\Debug\HAPI_Debug64.pdb'; linking object as if no debug info
HAPI_Debug64.lib(ThreadLocalImpl.obj) : warning LNK4099: PDB 'HAPI_Debug64.pdb' was not found with 'HAPI_Debug64.lib(ThreadLocalImpl.obj)' or at 'E:\Tower Defense\HAPI_Start\x64\Debug\HAPI_Debug64.pdb'; linking object as if no debug info
HAPI_Debug64.lib(Context.obj) : warning LNK4099: PDB 'HAPI_Debug64.pdb' was not found with 'HAPI_Debug64.lib(Context.obj)' or at 'E:\Tower Defense\HAPI_Start\x64\Debug\HAPI_Debug64.pdb'; linking object as if no debug info
HAPI_Debug64.lib(Cursor.obj) : warning LNK4099: PDB 'HAPI_Debug64.pdb' was not found with 'HAPI_Debug64.lib(Cursor.obj)' or at 'E:\Tower Defense\HAPI_Start\x64\Debug\HAPI_Debug64.pdb'; linking object as if no debug info
HAPI_Debug64.lib(GlContext.obj) : warning LNK4099: PDB 'HAPI_Debug64.pdb' was not found with 'HAPI_Debug64.lib(GlContext.obj)' or at 'E:\Tower Defense\HAPI_Start\x64\Debug\HAPI_Debug64.pdb'; linking object as if no debug info
HAPI_Debug64.lib(GlResource.obj) : warning LNK4099: PDB 'HAPI_Debug64.pdb' was not found with 'HAPI_Debug64.lib(GlResource.obj)' or at 'E:\Tower Defense\HAPI_Start\x64\Debug\HAPI_Debug64.pdb'; linking object as if no debug info
HAPI_Debug64.lib(Joystick.obj) : warning LNK4099: PDB 'HAPI_Debug64.pdb' was not found with 'HAPI_Debug64.lib(Joystick.obj)' or at 'E:\Tower Defense\HAPI_Start\x64\Debug\HAPI_Debug64.pdb'; linking object as if no debug info
HAPI_Debug64.lib(JoystickManager.obj) : warning LNK4099: PDB 'HAPI_Debug64.pdb' was not found with 'HAPI_Debug64.lib(JoystickManager.obj)' or at 'E:\Tower Defense\HAPI_Start\x64\Debug\HAPI_Debug64.pdb'; linking object as if no debug info
HAPI_Debug64.lib(SensorManager.obj) : warning LNK4099: PDB 'HAPI_Debug64.pdb' was not found with 'HAPI_Debug64.lib(SensorManager.obj)' or at 'E:\Tower Defense\HAPI_Start\x64\Debug\HAPI_Debug64.pdb'; linking object as if no debug info
HAPI_Debug64.lib(VideoMode.obj) : warning LNK4099: PDB 'HAPI_Debug64.pdb' was not found with 'HAPI_Debug64.lib(VideoMode.obj)' or at 'E:\Tower Defense\HAPI_Start\x64\Debug\HAPI_Debug64.pdb'; linking object as if no debug info
HAPI_Debug64.lib(CursorImpl.obj) : warning LNK4099: PDB 'HAPI_Debug64.pdb' was not found with 'HAPI_Debug64.lib(CursorImpl.obj)' or at 'E:\Tower Defense\HAPI_Start\x64\Debug\HAPI_Debug64.pdb'; linking object as if no debug info
HAPI_Debug64.lib(JoystickImpl.obj) : warning LNK4099: PDB 'HAPI_Debug64.pdb' was not found with 'HAPI_Debug64.lib(JoystickImpl.obj)' or at 'E:\Tower Defense\HAPI_Start\x64\Debug\HAPI_Debug64.pdb'; linking object as if no debug info
HAPI_Debug64.lib(SensorImpl.obj) : warning LNK4099: PDB 'HAPI_Debug64.pdb' was not found with 'HAPI_Debug64.lib(SensorImpl.obj)' or at 'E:\Tower Defense\HAPI_Start\x64\Debug\HAPI_Debug64.pdb'; linking object as if no debug info
HAPI_Debug64.lib(VideoModeImpl.obj) : warning LNK4099: PDB 'HAPI_Debug64.pdb' was not found with 'HAPI_Debug64.lib(VideoModeImpl.obj)' or at 'E:\Tower Defense\HAPI_Start\x64\Debug\HAPI_Debug64.pdb'; linking object as if no debug info
HAPI_Debug64.lib(WglContext.obj) : warning LNK4099: PDB 'HAPI_Debug64.pdb' was not found with 'HAPI_Debug64.lib(WglContext.obj)' or at 'E:\Tower Defense\HAPI_Start\x64\Debug\HAPI_Debug64.pdb'; linking object as if no debug info
HAPI_Debug64.lib(WglExtensions.obj) : warning LNK4099: PDB 'HAPI_Debug64.pdb' was not found with 'HAPI_Debug64.lib(WglExtensions.obj)' or at 'E:\Tower Defense\HAPI_Start\x64\Debug\HAPI_Debug64.pdb'; linking object as if no debug info
HAPI_Debug64.lib(WindowImplWin32.obj) : warning LNK4099: PDB 'HAPI_Debug64.pdb' was not found with 'HAPI_Debug64.lib(WindowImplWin32.obj)' or at 'E:\Tower Defense\HAPI_Start\x64\Debug\HAPI_Debug64.pdb'; linking object as if no debug info
HAPI_Debug64.lib(Window.obj) : warning LNK4099: PDB 'HAPI_Debug64.pdb' was not found with 'HAPI_Debug64.lib(Window.obj)' or at 'E:\Tower Defense\HAPI_Start\x64\Debug\HAPI_Debug64.pdb'; linking object as if no debug info
HAPI_Debug64.lib(WindowImpl.obj) : warning LNK4099: PDB 'HAPI_Debug64.pdb' was not found with 'HAPI_Debug64.lib(WindowImpl.obj)' or at 'E:\Tower Defense\HAPI_Start\x64\Debug\HAPI_Debug64.pdb'; linking object as if no debug info
HAPI_Debug64.lib(stdafx.obj) : warning LNK4099: PDB 'HAPI_Debug64.pdb' was not found with 'HAPI_Debug64.lib(stdafx.obj)' or at 'E:\Tower Defense\HAPI_Start\x64\Debug\HAPI_Debug64.pdb'; linking object as if no debug info
HAPI_Debug64.lib(Utility.obj) : warning LNK4099: PDB 'HAPI_Debug64.pdb' was not found with 'HAPI_Debug64.lib(Utility.obj)' or at 'E:\Tower Defense\HAPI_Start\x64\Debug\HAPI_Debug64.pdb'; linking object as if no debug info
  HAPI_Start.vcxproj -> E:\Tower Defense\HAPI_Start\x64\Debug\HAPI_Start.exe
